<?xml version="1.0" encoding="UTF-8"?>
<!-- Generated by org.testng.reporters.JUnitReportReporter -->
<testsuite hostname="DESKTOP-0IS7DQ4" failures="0" tests="4" name="day1.HTTPSRequests1" time="8.782" errors="0" timestamp="2023-10-28T16:05:04 IST" skipped="0">
  <testcase classname="day1.HTTPSRequests1" name="listOfUsers" time="4.788"/>
  <system-out/>
  <testcase classname="day1.HTTPSRequests1" name="creatUser" time="1.854"/>
  <system-out/>
  <testcase classname="day1.HTTPSRequests1" name="updateUser" time="0.873"/>
  <system-out/>
  <testcase classname="day1.HTTPSRequests1" name="deleteUser" time="1.267"/>
  <system-out/>
</testsuite> <!-- day1.HTTPSRequests1 -->
