<?xml version="1.0" encoding="UTF-8"?>
<!-- Generated by org.testng.reporters.JUnitReportReporter -->
<testsuite hostname="DESKTOP-0IS7DQ4" failures="0" tests="1" name="day3.PathAndQueryParameter" time="8.200" errors="0" timestamp="2023-10-30T00:17:11 IST" skipped="0">
  <testcase classname="day3.PathAndQueryParameter" name="testpathAndQueryParameter" time="8.200"/>
  <system-out/>
</testsuite> <!-- day3.PathAndQueryParameter -->
