<?xml version="1.0" encoding="UTF-8"?>
<!-- Generated by org.testng.reporters.JUnitReportReporter -->
<testsuite hostname="DESKTOP-0IS7DQ4" failures="0" tests="1" name="day8_API_Chaining.DeleteUser" time="0.822" errors="0" timestamp="2023-11-05T19:58:28 IST" skipped="0">
  <testcase classname="day8_API_Chaining.DeleteUser" name="deleteUser" time="0.822"/>
  <system-out/>
</testsuite> <!-- day8_API_Chaining.DeleteUser -->
