<?xml version="1.0" encoding="UTF-8"?>
<!-- Generated by org.testng.reporters.JUnitReportReporter -->
<testsuite hostname="DESKTOP-0IS7DQ4" failures="0" tests="1" name="day3.LoggingToConsole_Print_response" time="8.490" errors="0" timestamp="2023-10-31T14:49:39 IST" skipped="0">
  <testcase classname="day3.LoggingToConsole_Print_response" name="usesOfLogAndItsMethods" time="8.490"/>
  <system-out/>
</testsuite> <!-- day3.LoggingToConsole_Print_response -->
