<?xml version="1.0" encoding="UTF-8"?>
<!-- Generated by org.testng.reporters.JUnitReportReporter -->
<testsuite hostname="DESKTOP-0IS7DQ4" failures="0" tests="2" name="day2.DifferentWaysToCreatePostRequestBody" time="12.888" errors="0" timestamp="2023-10-29T16:02:45 IST" skipped="0">
  <testcase classname="day2.DifferentWaysToCreatePostRequestBody" name="postRequestUsingPojo" time="12.534"/>
  <system-out/>
  <testcase classname="day2.DifferentWaysToCreatePostRequestBody" name="testDelete" time="0.354"/>
  <system-out/>
</testsuite> <!-- day2.DifferentWaysToCreatePostRequestBody -->
