<?xml version="1.0" encoding="UTF-8"?>
<!-- Generated by org.testng.reporters.JUnitReportReporter -->
<testsuite hostname="DESKTOP-0IS7DQ4" failures="0" tests="2" name="day4ParsingResponseData.ParsingJSONResponseData" time="5.485" errors="0" timestamp="2023-11-02T17:28:36 IST" skipped="0">
  <testcase classname="day4ParsingResponseData.ParsingJSONResponseData" name="verifyDataByTestNg" time="0.778"/>
  <system-out/>
  <testcase classname="day4ParsingResponseData.ParsingJSONResponseData" name="validateTitleFromTheResponse" time="4.707"/>
  <system-out/>
</testsuite> <!-- day4ParsingResponseData.ParsingJSONResponseData -->
