<?xml version="1.0" encoding="UTF-8"?>
<!-- Generated by org.testng.reporters.JUnitReportReporter -->
<testsuite hostname="DESKTOP-0IS7DQ4" failures="0" tests="1" name="day3.HeadersDemo" time="5.742" errors="0" timestamp="2023-10-31T13:30:46 IST" skipped="0">
  <testcase classname="day3.HeadersDemo" name="captureAllHeaders1" time="5.742"/>
  <system-out/>
</testsuite> <!-- day3.HeadersDemo -->
