<?xml version="1.0" encoding="UTF-8"?>
<!-- Generated by org.testng.reporters.JUnitReportReporter -->
<testsuite hostname="DESKTOP-0IS7DQ4" failures="0" tests="2" name="day2.DifferentWaysToCreatePostRequestBody" time="18.888" errors="0" timestamp="2023-10-29T23:15:09 IST" skipped="0">
  <testcase classname="day2.DifferentWaysToCreatePostRequestBody" name="postRequestUsingExeternalFile" time="18.714"/>
  <system-out/>
  <testcase classname="day2.DifferentWaysToCreatePostRequestBody" name="testDelete" time="0.174"/>
  <system-out/>
</testsuite> <!-- day2.DifferentWaysToCreatePostRequestBody -->
