<?xml version="1.0" encoding="UTF-8"?>
<!-- Generated by org.testng.reporters.JUnitReportReporter -->
<testsuite hostname="DESKTOP-0IS7DQ4" failures="0" tests="1" name="day8_API_Chaining.UpdateTheUser" time="2.429" errors="0" timestamp="2023-11-05T19:58:28 IST" skipped="0">
  <testcase classname="day8_API_Chaining.UpdateTheUser" name="UpdateTheUser1" time="2.429"/>
  <system-out/>
</testsuite> <!-- day8_API_Chaining.UpdateTheUser -->
