<?xml version="1.0" encoding="UTF-8"?>
<!-- Generated by org.testng.reporters.JUnitReportReporter -->
<testsuite hostname="DESKTOP-0IS7DQ4" failures="0" tests="1" name="day8_API_Chaining.CreateUsers" time="9.247" errors="0" timestamp="2023-11-05T19:58:28 IST" skipped="0">
  <testcase classname="day8_API_Chaining.CreateUsers" name="createUser" time="9.247"/>
  <system-out/>
</testsuite> <!-- day8_API_Chaining.CreateUsers -->
