<?xml version="1.0" encoding="UTF-8"?>
<!-- Generated by org.testng.reporters.JUnitReportReporter -->
<testsuite hostname="DESKTOP-0IS7DQ4" failures="0" tests="2" name="day4ParsingResponseData.ParsingJSONResponseData" time="25.824" errors="1" timestamp="2023-11-04T09:28:16 IST" skipped="0">
  <testcase classname="day4ParsingResponseData.ParsingJSONResponseData" name="validatePerticularKeyfromAllResponseBody" time="1.092"/>
  <system-out/>
  <testcase classname="day4ParsingResponseData.ParsingJSONResponseData" name="printTotalValue" time="24.732">
    <error type="java.lang.StackOverflowError">
      <![CDATA[java.lang.StackOverflowError
at java.base/java.util.stream.ReduceOps$3ReducingSink.begin(ReduceOps.java:164)
at java.base/java.util.stream.Sink$ChainedReference.begin(Sink.java:253)
at java.base/java.util.stream.AbstractPipeline.copyInto(AbstractPipeline.java:508)
at java.base/java.util.stream.AbstractPipeline.wrapAndCopyInto(AbstractPipeline.java:499)
at java.base/java.util.stream.ReduceOps$ReduceOp.evaluateSequential(ReduceOps.java:921)
at java.base/java.util.stream.AbstractPipeline.evaluate(AbstractPipeline.java:234)
at java.base/java.util.stream.ReferencePipeline.collect(ReferencePipeline.java:682)
at java.base/java.lang.reflect.Executable.sharedToString(Executable.java:118)
at java.base/java.lang.reflect.Method.toString(Method.java:412)
at org.json.JSONObject.wrap(JSONObject.java:2484)
at org.json.JSONObject.populateMap(JSONObject.java:1548)
at org.json.JSONObject.populateMap(JSONObject.java:1515)
at org.json.JSONObject.<init>(JSONObject.java:357)
at org.json.JSONObject.wrap(JSONObject.java:2489)
at org.json.JSONObject.wrap(JSONObject.java:2448)
at org.json.JSONArray.addAll(JSONArray.java:1647)
at org.json.JSONArray.<init>(JSONArray.java:208)
at org.json.JSONObject.wrap(JSONObject.java:2472)
at org.json.JSONObject.populateMap(JSONObject.java:1548)
at org.json.JSONObject.populateMap(JSONObject.java:1515)
at org.json.JSONObject.<init>(JSONObject.java:357)
at org.json.JSONObject.wrap(JSONObject.java:2489)
at org.json.JSONObject.wrap(JSONObject.java:2448)
at org.json.JSONArray.addAll(JSONArray.java:1647)
at org.json.JSONArray.<init>(JSONArray.java:208)
at org.json.JSONObject.wrap(JSONObject.java:2472)
at org.json.JSONObject.populateMap(JSONObject.java:1548)
at org.json.JSONObject.populateMap(JSONObject.java:1515)
at org.json.JSONObject.<init>(JSONObject.java:357)
at org.json.JSONObject.wrap(JSONObject.java:2489)
at org.json.JSONObject.wrap(JSONObject.java:2448)
at org.json.JSONArray.addAll(JSONArray.java:1647)
at org.json.JSONArray.<init>(JSONArray.java:208)
at org.json.JSONObject.wrap(JSONObject.java:2472)
at org.json.JSONObject.populateMap(JSONObject.java:1548)
at org.json.JSONObject.populateMap(JSONObject.java:1515)
at org.json.JSONObject.<init>(JSONObject.java:357)
at org.json.JSONObject.wrap(JSONObject.java:2489)
at org.json.JSONObject.wrap(JSONObject.java:2448)
at org.json.JSONArray.addAll(JSONArray.java:1647)
at org.json.JSONArray.<init>(JSONArray.java:208)
at org.json.JSONObject.wrap(JSONObject.java:2472)
at org.json.JSONObject.populateMap(JSONObject.java:1548)
at org.json.JSONObject.populateMap(JSONObject.java:1515)
at org.json.JSONObject.<init>(JSONObject.java:357)
at org.json.JSONObject.wrap(JSONObject.java:2489)
at org.json.JSONObject.wrap(JSONObject.java:2448)
at org.json.JSONArray.addAll(JSONArray.java:1647)
at org.json.JSONArray.<init>(JSONArray.java:208)
at org.json.JSONObject.wrap(JSONObject.java:2472)
at org.json.JSONObject.populateMap(JSONObject.java:1548)
at org.json.JSONObject.populateMap(JSONObject.java:1515)
at org.json.JSONObject.<init>(JSONObject.java:357)
at org.json.JSONObject.wrap(JSONObject.java:2489)
at org.json.JSONObject.wrap(JSONObject.java:2448)
at org.json.JSONArray.addAll(JSONArray.java:1647)
at org.json.JSONArray.<init>(JSONArray.java:208)
at org.json.JSONObject.wrap(JSONObject.java:2472)
at org.json.JSONObject.populateMap(JSONObject.java:1548)
at org.json.JSONObject.populateMap(JSONObject.java:1515)
at org.json.JSONObject.<init>(JSONObject.java:357)
at org.json.JSONObject.wrap(JSONObject.java:2489)
at org.json.JSONObject.wrap(JSONObject.java:2448)
at org.json.JSONArray.addAll(JSONArray.java:1647)
at org.json.JSONArray.<init>(JSONArray.java:208)
at org.json.JSONObject.wrap(JSONObject.java:2472)
at org.json.JSONObject.populateMap(JSONObject.java:1548)
at org.json.JSONObject.populateMap(JSONObject.java:1515)
at org.json.JSONObject.<init>(JSONObject.java:357)
at org.json.JSONObject.wrap(JSONObject.java:2489)
at org.json.JSONObject.wrap(JSONObject.java:2448)
at org.json.JSONArray.addAll(JSONArray.java:1647)
at org.json.JSONArray.<init>(JSONArray.java:208)
at org.json.JSONObject.wrap(JSONObject.java:2472)
at org.json.JSONObject.populateMap(JSONObject.java:1548)
at org.json.JSONObject.populateMap(JSONObject.java:1515)
at org.json.JSONObject.<init>(JSONObject.java:357)
at org.json.JSONObject.wrap(JSONObject.java:2489)
at org.json.JSONObject.wrap(JSONObject.java:2448)
at org.json.JSONArray.addAll(JSONArray.java:1647)
at org.json.JSONArray.<init>(JSONArray.java:208)
at org.json.JSONObject.wrap(JSONObject.java:2472)
at org.json.JSONObject.populateMap(JSONObject.java:1548)
at org.json.JSONObject.populateMap(JSONObject.java:1515)
at org.json.JSONObject.<init>(JSONObject.java:357)
at org.json.JSONObject.wrap(JSONObject.java:2489)
at org.json.JSONObject.wrap(JSONObject.java:2448)
at org.json.JSONArray.addAll(JSONArray.java:1647)
at org.json.JSONArray.<init>(JSONArray.java:208)
at org.json.JSONObject.wrap(JSONObject.java:2472)
at org.json.JSONObject.populateMap(JSONObject.java:1548)
at org.json.JSONObject.populateMap(JSONObject.java:1515)
at org.json.JSONObject.<init>(JSONObject.java:357)
at org.json.JSONObject.wrap(JSONObject.java:2489)
at org.json.JSONObject.wrap(JSONObject.java:2448)
at org.json.JSONArray.addAll(JSONArray.java:1647)
at org.json.JSONArray.<init>(JSONArray.java:208)
at org.json.JSONObject.wrap(JSONObject.java:2472)
at org.json.JSONObject.populateMap(JSONObject.java:1548)
at org.json.JSONObject.populateMap(JSONObject.java:1515)
at org.json.JSONObject.<init>(JSONObject.java:357)
at org.json.JSONObject.wrap(JSONObject.java:2489)
at org.json.JSONObject.wrap(JSONObject.java:2448)
at org.json.JSONArray.addAll(JSONArray.java:1647)
at org.json.JSONArray.<init>(JSONArray.java:208)
at org.json.JSONObject.wrap(JSONObject.java:2472)
at org.json.JSONObject.populateMap(JSONObject.java:1548)
at org.json.JSONObject.populateMap(JSONObject.java:1515)
at org.json.JSONObject.<init>(JSONObject.java:357)
at org.json.JSONObject.wrap(JSONObject.java:2489)
at org.json.JSONObject.wrap(JSONObject.java:2448)
at org.json.JSONArray.addAll(JSONArray.java:1647)
at org.json.JSONArray.<init>(JSONArray.java:208)
at org.json.JSONObject.wrap(JSONObject.java:2472)
at org.json.JSONObject.populateMap(JSONObject.java:1548)
at org.json.JSONObject.populateMap(JSONObject.java:1515)
at org.json.JSONObject.<init>(JSONObject.java:357)
at org.json.JSONObject.wrap(JSONObject.java:2489)
at org.json.JSONObject.wrap(JSONObject.java:2448)
at org.json.JSONArray.addAll(JSONArray.java:1647)
at org.json.JSONArray.<init>(JSONArray.java:208)
at org.json.JSONObject.wrap(JSONObject.java:2472)
at org.json.JSONObject.populateMap(JSONObject.java:1548)
at org.json.JSONObject.populateMap(JSONObject.java:1515)
at org.json.JSONObject.<init>(JSONObject.java:357)
at org.json.JSONObject.wrap(JSONObject.java:2489)
at org.json.JSONObject.wrap(JSONObject.java:2448)
at org.json.JSONArray.addAll(JSONArray.java:1647)
at org.json.JSONArray.<init>(JSONArray.java:208)
at org.json.JSONObject.wrap(JSONObject.java:2472)
at org.json.JSONObject.populateMap(JSONObject.java:1548)
at org.json.JSONObject.populateMap(JSONObject.java:1515)
at org.json.JSONObject.<init>(JSONObject.java:357)
at org.json.JSONObject.wrap(JSONObject.java:2489)
at org.json.JSONObject.wrap(JSONObject.java:2448)
at org.json.JSONArray.addAll(JSONArray.java:1647)
at org.json.JSONArray.<init>(JSONArray.java:208)
at org.json.JSONObject.wrap(JSONObject.java:2472)
at org.json.JSONObject.populateMap(JSONObject.java:1548)
at org.json.JSONObject.populateMap(JSONObject.java:1515)
at org.json.JSONObject.<init>(JSONObject.java:357)
at org.json.JSONObject.wrap(JSONObject.java:2489)
at org.json.JSONObject.wrap(JSONObject.java:2448)
at org.json.JSONArray.addAll(JSONArray.java:1647)
at org.json.JSONArray.<init>(JSONArray.java:208)
at org.json.JSONObject.wrap(JSONObject.java:2472)
at org.json.JSONObject.populateMap(JSONObject.java:1548)
at org.json.JSONObject.populateMap(JSONObject.java:1515)
at org.json.JSONObject.<init>(JSONObject.java:357)
at org.json.JSONObject.wrap(JSONObject.java:2489)
at org.json.JSONObject.wrap(JSONObject.java:2448)
at org.json.JSONArray.addAll(JSONArray.java:1647)
at org.json.JSONArray.<init>(JSONArray.java:208)
at org.json.JSONObject.wrap(JSONObject.java:2472)
at org.json.JSONObject.populateMap(JSONObject.java:1548)
at org.json.JSONObject.populateMap(JSONObject.java:1515)
at org.json.JSONObject.<init>(JSONObject.java:357)
at org.json.JSONObject.wrap(JSONObject.java:2489)
at org.json.JSONObject.wrap(JSONObject.java:2448)
at org.json.JSONArray.addAll(JSONArray.java:1647)
at org.json.JSONArray.<init>(JSONArray.java:208)
at org.json.JSONObject.wrap(JSONObject.java:2472)
at org.json.JSONObject.populateMap(JSONObject.java:1548)
at org.json.JSONObject.populateMap(JSONObject.java:1515)
at org.json.JSONObject.<init>(JSONObject.java:357)
at org.json.JSONObject.wrap(JSONObject.java:2489)
at org.json.JSONObject.wrap(JSONObject.java:2448)
at org.json.JSONArray.addAll(JSONArray.java:1647)
at org.json.JSONArray.<init>(JSONArray.java:208)
at org.json.JSONObject.wrap(JSONObject.java:2472)
at org.json.JSONObject.populateMap(JSONObject.java:1548)
at org.json.JSONObject.populateMap(JSONObject.java:1515)
at org.json.JSONObject.<init>(JSONObject.java:357)
at org.json.JSONObject.wrap(JSONObject.java:2489)
at org.json.JSONObject.wrap(JSONObject.java:2448)
at org.json.JSONArray.addAll(JSONArray.java:1647)
at org.json.JSONArray.<init>(JSONArray.java:208)
at org.json.JSONObject.wrap(JSONObject.java:2472)
at org.json.JSONObject.populateMap(JSONObject.java:1548)
at org.json.JSONObject.populateMap(JSONObject.java:1515)
at org.json.JSONObject.<init>(JSONObject.java:357)
at org.json.JSONObject.wrap(JSONObject.java:2489)
at org.json.JSONObject.wrap(JSONObject.java:2448)
at org.json.JSONArray.addAll(JSONArray.java:1647)
at org.json.JSONArray.<init>(JSONArray.java:208)
at org.json.JSONObject.wrap(JSONObject.java:2472)
at org.json.JSONObject.populateMap(JSONObject.java:1548)
at org.json.JSONObject.populateMap(JSONObject.java:1515)
at org.json.JSONObject.<init>(JSONObject.java:357)
at org.json.JSONObject.wrap(JSONObject.java:2489)
at org.json.JSONObject.wrap(JSONObject.java:2448)
at org.json.JSONArray.addAll(JSONArray.java:1647)
at org.json.JSONArray.<init>(JSONArray.java:208)
at org.json.JSONObject.wrap(JSONObject.java:2472)
at org.json.JSONObject.populateMap(JSONObject.java:1548)
at org.json.JSONObject.populateMap(JSONObject.java:1515)
at org.json.JSONObject.<init>(JSONObject.java:357)
at org.json.JSONObject.wrap(JSONObject.java:2489)
at org.json.JSONObject.wrap(JSONObject.java:2448)
at org.json.JSONArray.addAll(JSONArray.java:1647)
at org.json.JSONArray.<init>(JSONArray.java:208)
at org.json.JSONObject.wrap(JSONObject.java:2472)
at org.json.JSONObject.populateMap(JSONObject.java:1548)
at org.json.JSONObject.populateMap(JSONObject.java:1515)
at org.json.JSONObject.<init>(JSONObject.java:357)
at org.json.JSONObject.wrap(JSONObject.java:2489)
at org.json.JSONObject.wrap(JSONObject.java:2448)
at org.json.JSONArray.addAll(JSONArray.java:1647)
at org.json.JSONArray.<init>(JSONArray.java:208)
at org.json.JSONObject.wrap(JSONObject.java:2472)
at org.json.JSONObject.populateMap(JSONObject.java:1548)
at org.json.JSONObject.populateMap(JSONObject.java:1515)
at org.json.JSONObject.<init>(JSONObject.java:357)
at org.json.JSONObject.wrap(JSONObject.java:2489)
at org.json.JSONObject.wrap(JSONObject.java:2448)
at org.json.JSONArray.addAll(JSONArray.java:1647)
at org.json.JSONArray.<init>(JSONArray.java:208)
at org.json.JSONObject.wrap(JSONObject.java:2472)
at org.json.JSONObject.populateMap(JSONObject.java:1548)
at org.json.JSONObject.populateMap(JSONObject.java:1515)
at org.json.JSONObject.<init>(JSONObject.java:357)
at org.json.JSONObject.wrap(JSONObject.java:2489)
at org.json.JSONObject.wrap(JSONObject.java:2448)
at org.json.JSONArray.addAll(JSONArray.java:1647)
at org.json.JSONArray.<init>(JSONArray.java:208)
at org.json.JSONObject.wrap(JSONObject.java:2472)
at org.json.JSONObject.populateMap(JSONObject.java:1548)
at org.json.JSONObject.populateMap(JSONObject.java:1515)
at org.json.JSONObject.<init>(JSONObject.java:357)
at org.json.JSONObject.wrap(JSONObject.java:2489)
at org.json.JSONObject.wrap(JSONObject.java:2448)
at org.json.JSONArray.addAll(JSONArray.java:1647)
at org.json.JSONArray.<init>(JSONArray.java:208)
at org.json.JSONObject.wrap(JSONObject.java:2472)
at org.json.JSONObject.populateMap(JSONObject.java:1548)
at org.json.JSONObject.populateMap(JSONObject.java:1515)
at org.json.JSONObject.<init>(JSONObject.java:357)
at org.json.JSONObject.wrap(JSONObject.java:2489)
at org.json.JSONObject.wrap(JSONObject.java:2448)
at org.json.JSONArray.addAll(JSONArray.java:1647)
at org.json.JSONArray.<init>(JSONArray.java:208)
at org.json.JSONObject.wrap(JSONObject.java:2472)
at org.json.JSONObject.populateMap(JSONObject.java:1548)
at org.json.JSONObject.populateMap(JSONObject.java:1515)
at org.json.JSONObject.<init>(JSONObject.java:357)
at org.json.JSONObject.wrap(JSONObject.java:2489)
at org.json.JSONObject.wrap(JSONObject.java:2448)
at org.json.JSONArray.addAll(JSONArray.java:1647)
at org.json.JSONArray.<init>(JSONArray.java:208)
at org.json.JSONObject.wrap(JSONObject.java:2472)
at org.json.JSONObject.populateMap(JSONObject.java:1548)
at org.json.JSONObject.populateMap(JSONObject.java:1515)
at org.json.JSONObject.<init>(JSONObject.java:357)
at org.json.JSONObject.wrap(JSONObject.java:2489)
at org.json.JSONObject.wrap(JSONObject.java:2448)
at org.json.JSONArray.addAll(JSONArray.java:1647)
at org.json.JSONArray.<init>(JSONArray.java:208)
at org.json.JSONObject.wrap(JSONObject.java:2472)
at org.json.JSONObject.populateMap(JSONObject.java:1548)
at org.json.JSONObject.populateMap(JSONObject.java:1515)
at org.json.JSONObject.<init>(JSONObject.java:357)
at org.json.JSONObject.wrap(JSONObject.java:2489)
at org.json.JSONObject.wrap(JSONObject.java:2448)
at org.json.JSONArray.addAll(JSONArray.java:1647)
at org.json.JSONArray.<init>(JSONArray.java:208)
at org.json.JSONObject.wrap(JSONObject.java:2472)
at org.json.JSONObject.populateMap(JSONObject.java:1548)
at org.json.JSONObject.populateMap(JSONObject.java:1515)
at org.json.JSONObject.<init>(JSONObject.java:357)
at org.json.JSONObject.wrap(JSONObject.java:2489)
at org.json.JSONObject.wrap(JSONObject.java:2448)
at org.json.JSONArray.addAll(JSONArray.java:1647)
at org.json.JSONArray.<init>(JSONArray.java:208)
at org.json.JSONObject.wrap(JSONObject.java:2472)
at org.json.JSONObject.populateMap(JSONObject.java:1548)
at org.json.JSONObject.populateMap(JSONObject.java:1515)
at org.json.JSONObject.<init>(JSONObject.java:357)
at org.json.JSONObject.wrap(JSONObject.java:2489)
at org.json.JSONObject.wrap(JSONObject.java:2448)
at org.json.JSONArray.addAll(JSONArray.java:1647)
at org.json.JSONArray.<init>(JSONArray.java:208)
at org.json.JSONObject.wrap(JSONObject.java:2472)
at org.json.JSONObject.populateMap(JSONObject.java:1548)
at org.json.JSONObject.populateMap(JSONObject.java:1515)
at org.json.JSONObject.<init>(JSONObject.java:357)
at org.json.JSONObject.wrap(JSONObject.java:2489)
at org.json.JSONObject.wrap(JSONObject.java:2448)
at org.json.JSONArray.addAll(JSONArray.java:1647)
at org.json.JSONArray.<init>(JSONArray.java:208)
at org.json.JSONObject.wrap(JSONObject.java:2472)
at org.json.JSONObject.populateMap(JSONObject.java:1548)
at org.json.JSONObject.populateMap(JSONObject.java:1515)
at org.json.JSONObject.<init>(JSONObject.java:357)
at org.json.JSONObject.wrap(JSONObject.java:2489)
at org.json.JSONObject.wrap(JSONObject.java:2448)
at org.json.JSONArray.addAll(JSONArray.java:1647)
at org.json.JSONArray.<init>(JSONArray.java:208)
at org.json.JSONObject.wrap(JSONObject.java:2472)
at org.json.JSONObject.populateMap(JSONObject.java:1548)
at org.json.JSONObject.populateMap(JSONObject.java:1515)
at org.json.JSONObject.<init>(JSONObject.java:357)
at org.json.JSONObject.wrap(JSONObject.java:2489)
at org.json.JSONObject.wrap(JSONObject.java:2448)
at org.json.JSONArray.addAll(JSONArray.java:1647)
at org.json.JSONArray.<init>(JSONArray.java:208)
at org.json.JSONObject.wrap(JSONObject.java:2472)
at org.json.JSONObject.populateMap(JSONObject.java:1548)
at org.json.JSONObject.populateMap(JSONObject.java:1515)
at org.json.JSONObject.<init>(JSONObject.java:357)
at org.json.JSONObject.wrap(JSONObject.java:2489)
at org.json.JSONObject.wrap(JSONObject.java:2448)
at org.json.JSONArray.addAll(JSONArray.java:1647)
at org.json.JSONArray.<init>(JSONArray.java:208)
at org.json.JSONObject.wrap(JSONObject.java:2472)
at org.json.JSONObject.populateMap(JSONObject.java:1548)
at org.json.JSONObject.populateMap(JSONObject.java:1515)
at org.json.JSONObject.<init>(JSONObject.java:357)
at org.json.JSONObject.wrap(JSONObject.java:2489)
at org.json.JSONObject.wrap(JSONObject.java:2448)
at org.json.JSONArray.addAll(JSONArray.java:1647)
at org.json.JSONArray.<init>(JSONArray.java:208)
at org.json.JSONObject.wrap(JSONObject.java:2472)
at org.json.JSONObject.populateMap(JSONObject.java:1548)
at org.json.JSONObject.populateMap(JSONObject.java:1515)
at org.json.JSONObject.<init>(JSONObject.java:357)
at org.json.JSONObject.wrap(JSONObject.java:2489)
at org.json.JSONObject.wrap(JSONObject.java:2448)
at org.json.JSONArray.addAll(JSONArray.java:1647)
at org.json.JSONArray.<init>(JSONArray.java:208)
at org.json.JSONObject.wrap(JSONObject.java:2472)
at org.json.JSONObject.populateMap(JSONObject.java:1548)
at org.json.JSONObject.populateMap(JSONObject.java:1515)
at org.json.JSONObject.<init>(JSONObject.java:357)
at org.json.JSONObject.wrap(JSONObject.java:2489)
at org.json.JSONObject.wrap(JSONObject.java:2448)
at org.json.JSONArray.addAll(JSONArray.java:1647)
at org.json.JSONArray.<init>(JSONArray.java:208)
at org.json.JSONObject.wrap(JSONObject.java:2472)
at org.json.JSONObject.populateMap(JSONObject.java:1548)
at org.json.JSONObject.populateMap(JSONObject.java:1515)
at org.json.JSONObject.<init>(JSONObject.java:357)
at org.json.JSONObject.wrap(JSONObject.java:2489)
at org.json.JSONObject.wrap(JSONObject.java:2448)
at org.json.JSONArray.addAll(JSONArray.java:1647)
at org.json.JSONArray.<init>(JSONArray.java:208)
at org.json.JSONObject.wrap(JSONObject.java:2472)
at org.json.JSONObject.populateMap(JSONObject.java:1548)
at org.json.JSONObject.populateMap(JSONObject.java:1515)
at org.json.JSONObject.<init>(JSONObject.java:357)
at org.json.JSONObject.wrap(JSONObject.java:2489)
at org.json.JSONObject.wrap(JSONObject.java:2448)
at org.json.JSONArray.addAll(JSONArray.java:1647)
at org.json.JSONArray.<init>(JSONArray.java:208)
at org.json.JSONObject.wrap(JSONObject.java:2472)
at org.json.JSONObject.populateMap(JSONObject.java:1548)
at org.json.JSONObject.populateMap(JSONObject.java:1515)
at org.json.JSONObject.<init>(JSONObject.java:357)
at org.json.JSONObject.wrap(JSONObject.java:2489)
at org.json.JSONObject.wrap(JSONObject.java:2448)
at org.json.JSONArray.addAll(JSONArray.java:1647)
at org.json.JSONArray.<init>(JSONArray.java:208)
at org.json.JSONObject.wrap(JSONObject.java:2472)
at org.json.JSONObject.populateMap(JSONObject.java:1548)
at org.json.JSONObject.populateMap(JSONObject.java:1515)
at org.json.JSONObject.<init>(JSONObject.java:357)
at org.json.JSONObject.wrap(JSONObject.java:2489)
at org.json.JSONObject.wrap(JSONObject.java:2448)
at org.json.JSONArray.addAll(JSONArray.java:1647)
at org.json.JSONArray.<init>(JSONArray.java:208)
at org.json.JSONObject.wrap(JSONObject.java:2472)
at org.json.JSONObject.populateMap(JSONObject.java:1548)
at org.json.JSONObject.populateMap(JSONObject.java:1515)
at org.json.JSONObject.<init>(JSONObject.java:357)
at org.json.JSONObject.wrap(JSONObject.java:2489)
at org.json.JSONObject.wrap(JSONObject.java:2448)
at org.json.JSONArray.addAll(JSONArray.java:1647)
at org.json.JSONArray.<init>(JSONArray.java:208)
at org.json.JSONObject.wrap(JSONObject.java:2472)
at org.json.JSONObject.populateMap(JSONObject.java:1548)
at org.json.JSONObject.populateMap(JSONObject.java:1515)
at org.json.JSONObject.<init>(JSONObject.java:357)
at org.json.JSONObject.wrap(JSONObject.java:2489)
at org.json.JSONObject.wrap(JSONObject.java:2448)
at org.json.JSONArray.addAll(JSONArray.java:1647)
at org.json.JSONArray.<init>(JSONArray.java:208)
at org.json.JSONObject.wrap(JSONObject.java:2472)
at org.json.JSONObject.populateMap(JSONObject.java:1548)
at org.json.JSONObject.populateMap(JSONObject.java:1515)
at org.json.JSONObject.<init>(JSONObject.java:357)
at org.json.JSONObject.wrap(JSONObject.java:2489)
at org.json.JSONObject.wrap(JSONObject.java:2448)
at org.json.JSONArray.addAll(JSONArray.java:1647)
at org.json.JSONArray.<init>(JSONArray.java:208)
at org.json.JSONObject.wrap(JSONObject.java:2472)
at org.json.JSONObject.populateMap(JSONObject.java:1548)
at org.json.JSONObject.populateMap(JSONObject.java:1515)
at org.json.JSONObject.<init>(JSONObject.java:357)
at org.json.JSONObject.wrap(JSONObject.java:2489)
at org.json.JSONObject.wrap(JSONObject.java:2448)
at org.json.JSONArray.addAll(JSONArray.java:1647)
at org.json.JSONArray.<init>(JSONArray.java:208)
at org.json.JSONObject.wrap(JSONObject.java:2472)
at org.json.JSONObject.populateMap(JSONObject.java:1548)
at org.json.JSONObject.populateMap(JSONObject.java:1515)
at org.json.JSONObject.<init>(JSONObject.java:357)
at org.json.JSONObject.wrap(JSONObject.java:2489)
at org.json.JSONObject.wrap(JSONObject.java:2448)
at org.json.JSONArray.addAll(JSONArray.java:1647)
at org.json.JSONArray.<init>(JSONArray.java:208)
at org.json.JSONObject.wrap(JSONObject.java:2472)
at org.json.JSONObject.populateMap(JSONObject.java:1548)
at org.json.JSONObject.populateMap(JSONObject.java:1515)
at org.json.JSONObject.<init>(JSONObject.java:357)
at org.json.JSONObject.wrap(JSONObject.java:2489)
at org.json.JSONObject.wrap(JSONObject.java:2448)
at org.json.JSONArray.addAll(JSONArray.java:1647)
at org.json.JSONArray.<init>(JSONArray.java:208)
at org.json.JSONObject.wrap(JSONObject.java:2472)
at org.json.JSONObject.populateMap(JSONObject.java:1548)
at org.json.JSONObject.populateMap(JSONObject.java:1515)
at org.json.JSONObject.<init>(JSONObject.java:357)
at org.json.JSONObject.wrap(JSONObject.java:2489)
at org.json.JSONObject.wrap(JSONObject.java:2448)
at org.json.JSONArray.addAll(JSONArray.java:1647)
at org.json.JSONArray.<init>(JSONArray.java:208)
at org.json.JSONObject.wrap(JSONObject.java:2472)
at org.json.JSONObject.populateMap(JSONObject.java:1548)
at org.json.JSONObject.populateMap(JSONObject.java:1515)
at org.json.JSONObject.<init>(JSONObject.java:357)
at org.json.JSONObject.wrap(JSONObject.java:2489)
at org.json.JSONObject.wrap(JSONObject.java:2448)
at org.json.JSONArray.addAll(JSONArray.java:1647)
at org.json.JSONArray.<init>(JSONArray.java:208)
at org.json.JSONObject.wrap(JSONObject.java:2472)
at org.json.JSONObject.populateMap(JSONObject.java:1548)
at org.json.JSONObject.populateMap(JSONObject.java:1515)
at org.json.JSONObject.<init>(JSONObject.java:357)
at org.json.JSONObject.wrap(JSONObject.java:2489)
at org.json.JSONObject.wrap(JSONObject.java:2448)
at org.json.JSONArray.addAll(JSONArray.java:1647)
at org.json.JSONArray.<init>(JSONArray.java:208)
at org.json.JSONObject.wrap(JSONObject.java:2472)
at org.json.JSONObject.populateMap(JSONObject.java:1548)
at org.json.JSONObject.populateMap(JSONObject.java:1515)
at org.json.JSONObject.<init>(JSONObject.java:357)
at org.json.JSONObject.wrap(JSONObject.java:2489)
at org.json.JSONObject.wrap(JSONObject.java:2448)
at org.json.JSONArray.addAll(JSONArray.java:1647)
at org.json.JSONArray.<init>(JSONArray.java:208)
at org.json.JSONObject.wrap(JSONObject.java:2472)
at org.json.JSONObject.populateMap(JSONObject.java:1548)
at org.json.JSONObject.populateMap(JSONObject.java:1515)
at org.json.JSONObject.<init>(JSONObject.java:357)
at org.json.JSONObject.wrap(JSONObject.java:2489)
at org.json.JSONObject.wrap(JSONObject.java:2448)
at org.json.JSONArray.addAll(JSONArray.java:1647)
at org.json.JSONArray.<init>(JSONArray.java:208)
at org.json.JSONObject.wrap(JSONObject.java:2472)
at org.json.JSONObject.populateMap(JSONObject.java:1548)
at org.json.JSONObject.populateMap(JSONObject.java:1515)
at org.json.JSONObject.<init>(JSONObject.java:357)
at org.json.JSONObject.wrap(JSONObject.java:2489)
at org.json.JSONObject.wrap(JSONObject.java:2448)
at org.json.JSONArray.addAll(JSONArray.java:1647)
at org.json.JSONArray.<init>(JSONArray.java:208)
at org.json.JSONObject.wrap(JSONObject.java:2472)
at org.json.JSONObject.populateMap(JSONObject.java:1548)
at org.json.JSONObject.populateMap(JSONObject.java:1515)
at org.json.JSONObject.<init>(JSONObject.java:357)
at org.json.JSONObject.wrap(JSONObject.java:2489)
at org.json.JSONObject.wrap(JSONObject.java:2448)
at org.json.JSONArray.addAll(JSONArray.java:1647)
at org.json.JSONArray.<init>(JSONArray.java:208)
at org.json.JSONObject.wrap(JSONObject.java:2472)
at org.json.JSONObject.populateMap(JSONObject.java:1548)
at org.json.JSONObject.populateMap(JSONObject.java:1515)
at org.json.JSONObject.<init>(JSONObject.java:357)
at org.json.JSONObject.wrap(JSONObject.java:2489)
at org.json.JSONObject.wrap(JSONObject.java:2448)
at org.json.JSONArray.addAll(JSONArray.java:1647)
at org.json.JSONArray.<init>(JSONArray.java:208)
at org.json.JSONObject.wrap(JSONObject.java:2472)
at org.json.JSONObject.populateMap(JSONObject.java:1548)
at org.json.JSONObject.populateMap(JSONObject.java:1515)
at org.json.JSONObject.<init>(JSONObject.java:357)
at org.json.JSONObject.wrap(JSONObject.java:2489)
at org.json.JSONObject.wrap(JSONObject.java:2448)
at org.json.JSONArray.addAll(JSONArray.java:1647)
at org.json.JSONArray.<init>(JSONArray.java:208)
at org.json.JSONObject.wrap(JSONObject.java:2472)
at org.json.JSONObject.populateMap(JSONObject.java:1548)
at org.json.JSONObject.populateMap(JSONObject.java:1515)
at org.json.JSONObject.<init>(JSONObject.java:357)
at org.json.JSONObject.wrap(JSONObject.java:2489)
at org.json.JSONObject.wrap(JSONObject.java:2448)
at org.json.JSONArray.addAll(JSONArray.java:1647)
at org.json.JSONArray.<init>(JSONArray.java:208)
at org.json.JSONObject.wrap(JSONObject.java:2472)
at org.json.JSONObject.populateMap(JSONObject.java:1548)
at org.json.JSONObject.populateMap(JSONObject.java:1515)
at org.json.JSONObject.<init>(JSONObject.java:357)
at org.json.JSONObject.wrap(JSONObject.java:2489)
at org.json.JSONObject.wrap(JSONObject.java:2448)
at org.json.JSONArray.addAll(JSONArray.java:1647)
at org.json.JSONArray.<init>(JSONArray.java:208)
at org.json.JSONObject.wrap(JSONObject.java:2472)
at org.json.JSONObject.populateMap(JSONObject.java:1548)
at org.json.JSONObject.populateMap(JSONObject.java:1515)
at org.json.JSONObject.<init>(JSONObject.java:357)
at org.json.JSONObject.wrap(JSONObject.java:2489)
at org.json.JSONObject.wrap(JSONObject.java:2448)
at org.json.JSONArray.addAll(JSONArray.java:1647)
at org.json.JSONArray.<init>(JSONArray.java:208)
at org.json.JSONObject.wrap(JSONObject.java:2472)
at org.json.JSONObject.populateMap(JSONObject.java:1548)
at org.json.JSONObject.populateMap(JSONObject.java:1515)
at org.json.JSONObject.<init>(JSONObject.java:357)
at org.json.JSONObject.wrap(JSONObject.java:2489)
at org.json.JSONObject.wrap(JSONObject.java:2448)
at org.json.JSONArray.addAll(JSONArray.java:1647)
at org.json.JSONArray.<init>(JSONArray.java:208)
at org.json.JSONObject.wrap(JSONObject.java:2472)
at org.json.JSONObject.populateMap(JSONObject.java:1548)
at org.json.JSONObject.populateMap(JSONObject.java:1515)
at org.json.JSONObject.<init>(JSONObject.java:357)
at org.json.JSONObject.wrap(JSONObject.java:2489)
at org.json.JSONObject.wrap(JSONObject.java:2448)
at org.json.JSONArray.addAll(JSONArray.java:1647)
at org.json.JSONArray.<init>(JSONArray.java:208)
at org.json.JSONObject.wrap(JSONObject.java:2472)
at org.json.JSONObject.populateMap(JSONObject.java:1548)
at org.json.JSONObject.populateMap(JSONObject.java:1515)
at org.json.JSONObject.<init>(JSONObject.java:357)
at org.json.JSONObject.wrap(JSONObject.java:2489)
at org.json.JSONObject.wrap(JSONObject.java:2448)
at org.json.JSONArray.addAll(JSONArray.java:1647)
at org.json.JSONArray.<init>(JSONArray.java:208)
at org.json.JSONObject.wrap(JSONObject.java:2472)
at org.json.JSONObject.populateMap(JSONObject.java:1548)
at org.json.JSONObject.populateMap(JSONObject.java:1515)
at org.json.JSONObject.<init>(JSONObject.java:357)
at org.json.JSONObject.wrap(JSONObject.java:2489)
at org.json.JSONObject.wrap(JSONObject.java:2448)
at org.json.JSONArray.addAll(JSONArray.java:1647)
at org.json.JSONArray.<init>(JSONArray.java:208)
at org.json.JSONObject.wrap(JSONObject.java:2472)
at org.json.JSONObject.populateMap(JSONObject.java:1548)
at org.json.JSONObject.populateMap(JSONObject.java:1515)
at org.json.JSONObject.<init>(JSONObject.java:357)
at org.json.JSONObject.wrap(JSONObject.java:2489)
at org.json.JSONObject.wrap(JSONObject.java:2448)
at org.json.JSONArray.addAll(JSONArray.java:1647)
at org.json.JSONArray.<init>(JSONArray.java:208)
at org.json.JSONObject.wrap(JSONObject.java:2472)
at org.json.JSONObject.populateMap(JSONObject.java:1548)
at org.json.JSONObject.populateMap(JSONObject.java:1515)
at org.json.JSONObject.<init>(JSONObject.java:357)
at org.json.JSONObject.wrap(JSONObject.java:2489)
at org.json.JSONObject.wrap(JSONObject.java:2448)
at org.json.JSONArray.addAll(JSONArray.java:1647)
at org.json.JSONArray.<init>(JSONArray.java:208)
at org.json.JSONObject.wrap(JSONObject.java:2472)
at org.json.JSONObject.populateMap(JSONObject.java:1548)
at org.json.JSONObject.populateMap(JSONObject.java:1515)
at org.json.JSONObject.<init>(JSONObject.java:357)
at org.json.JSONObject.wrap(JSONObject.java:2489)
at org.json.JSONObject.wrap(JSONObject.java:2448)
at org.json.JSONArray.addAll(JSONArray.java:1647)
at org.json.JSONArray.<init>(JSONArray.java:208)
at org.json.JSONObject.wrap(JSONObject.java:2472)
at org.json.JSONObject.populateMap(JSONObject.java:1548)
at org.json.JSONObject.populateMap(JSONObject.java:1515)
at org.json.JSONObject.<init>(JSONObject.java:357)
at org.json.JSONObject.wrap(JSONObject.java:2489)
at org.json.JSONObject.wrap(JSONObject.java:2448)
at org.json.JSONArray.addAll(JSONArray.java:1647)
at org.json.JSONArray.<init>(JSONArray.java:208)
at org.json.JSONObject.wrap(JSONObject.java:2472)
at org.json.JSONObject.populateMap(JSONObject.java:1548)
at org.json.JSONObject.populateMap(JSONObject.java:1515)
at org.json.JSONObject.<init>(JSONObject.java:357)
at org.json.JSONObject.wrap(JSONObject.java:2489)
at org.json.JSONObject.wrap(JSONObject.java:2448)
at org.json.JSONArray.addAll(JSONArray.java:1647)
at org.json.JSONArray.<init>(JSONArray.java:208)
at org.json.JSONObject.wrap(JSONObject.java:2472)
at org.json.JSONObject.populateMap(JSONObject.java:1548)
at org.json.JSONObject.populateMap(JSONObject.java:1515)
at org.json.JSONObject.<init>(JSONObject.java:357)
at org.json.JSONObject.wrap(JSONObject.java:2489)
at org.json.JSONObject.wrap(JSONObject.java:2448)
at org.json.JSONArray.addAll(JSONArray.java:1647)
at org.json.JSONArray.<init>(JSONArray.java:208)
at org.json.JSONObject.wrap(JSONObject.java:2472)
at org.json.JSONObject.populateMap(JSONObject.java:1548)
at org.json.JSONObject.populateMap(JSONObject.java:1515)
at org.json.JSONObject.<init>(JSONObject.java:357)
at org.json.JSONObject.wrap(JSONObject.java:2489)
at org.json.JSONObject.wrap(JSONObject.java:2448)
at org.json.JSONArray.addAll(JSONArray.java:1647)
at org.json.JSONArray.<init>(JSONArray.java:208)
at org.json.JSONObject.wrap(JSONObject.java:2472)
at org.json.JSONObject.populateMap(JSONObject.java:1548)
at org.json.JSONObject.populateMap(JSONObject.java:1515)
at org.json.JSONObject.<init>(JSONObject.java:357)
at org.json.JSONObject.wrap(JSONObject.java:2489)
at org.json.JSONObject.wrap(JSONObject.java:2448)
at org.json.JSONArray.addAll(JSONArray.java:1647)
at org.json.JSONArray.<init>(JSONArray.java:208)
at org.json.JSONObject.wrap(JSONObject.java:2472)
at org.json.JSONObject.populateMap(JSONObject.java:1548)
at org.json.JSONObject.populateMap(JSONObject.java:1515)
at org.json.JSONObject.<init>(JSONObject.java:357)
at org.json.JSONObject.wrap(JSONObject.java:2489)
at org.json.JSONObject.wrap(JSONObject.java:2448)
at org.json.JSONArray.addAll(JSONArray.java:1647)
at org.json.JSONArray.<init>(JSONArray.java:208)
at org.json.JSONObject.wrap(JSONObject.java:2472)
at org.json.JSONObject.populateMap(JSONObject.java:1548)
at org.json.JSONObject.populateMap(JSONObject.java:1515)
at org.json.JSONObject.<init>(JSONObject.java:357)
at org.json.JSONObject.wrap(JSONObject.java:2489)
at org.json.JSONObject.wrap(JSONObject.java:2448)
at org.json.JSONArray.addAll(JSONArray.java:1647)
at org.json.JSONArray.<init>(JSONArray.java:208)
at org.json.JSONObject.wrap(JSONObject.java:2472)
at org.json.JSONObject.populateMap(JSONObject.java:1548)
at org.json.JSONObject.populateMap(JSONObject.java:1515)
at org.json.JSONObject.<init>(JSONObject.java:357)
at org.json.JSONObject.wrap(JSONObject.java:2489)
at org.json.JSONObject.wrap(JSONObject.java:2448)
at org.json.JSONArray.addAll(JSONArray.java:1647)
at org.json.JSONArray.<init>(JSONArray.java:208)
at org.json.JSONObject.wrap(JSONObject.java:2472)
at org.json.JSONObject.populateMap(JSONObject.java:1548)
at org.json.JSONObject.populateMap(JSONObject.java:1515)
at org.json.JSONObject.<init>(JSONObject.java:357)
at org.json.JSONObject.wrap(JSONObject.java:2489)
at org.json.JSONObject.wrap(JSONObject.java:2448)
at org.json.JSONArray.addAll(JSONArray.java:1647)
at org.json.JSONArray.<init>(JSONArray.java:208)
at org.json.JSONObject.wrap(JSONObject.java:2472)
at org.json.JSONObject.populateMap(JSONObject.java:1548)
at org.json.JSONObject.populateMap(JSONObject.java:1515)
at org.json.JSONObject.<init>(JSONObject.java:357)
at org.json.JSONObject.wrap(JSONObject.java:2489)
at org.json.JSONObject.wrap(JSONObject.java:2448)
at org.json.JSONArray.addAll(JSONArray.java:1647)
at org.json.JSONArray.<init>(JSONArray.java:208)
at org.json.JSONObject.wrap(JSONObject.java:2472)
at org.json.JSONObject.populateMap(JSONObject.java:1548)
at org.json.JSONObject.populateMap(JSONObject.java:1515)
at org.json.JSONObject.<init>(JSONObject.java:357)
at org.json.JSONObject.wrap(JSONObject.java:2489)
at org.json.JSONObject.wrap(JSONObject.java:2448)
at org.json.JSONArray.addAll(JSONArray.java:1647)
at org.json.JSONArray.<init>(JSONArray.java:208)
at org.json.JSONObject.wrap(JSONObject.java:2472)
at org.json.JSONObject.populateMap(JSONObject.java:1548)
at org.json.JSONObject.populateMap(JSONObject.java:1515)
at org.json.JSONObject.<init>(JSONObject.java:357)
at org.json.JSONObject.wrap(JSONObject.java:2489)
at org.json.JSONObject.wrap(JSONObject.java:2448)
at org.json.JSONArray.addAll(JSONArray.java:1647)
at org.json.JSONArray.<init>(JSONArray.java:208)
at org.json.JSONObject.wrap(JSONObject.java:2472)
at org.json.JSONObject.populateMap(JSONObject.java:1548)
at org.json.JSONObject.populateMap(JSONObject.java:1515)
at org.json.JSONObject.<init>(JSONObject.java:357)
at org.json.JSONObject.wrap(JSONObject.java:2489)
at org.json.JSONObject.wrap(JSONObject.java:2448)
at org.json.JSONArray.addAll(JSONArray.java:1647)
at org.json.JSONArray.<init>(JSONArray.java:208)
at org.json.JSONObject.wrap(JSONObject.java:2472)
at org.json.JSONObject.populateMap(JSONObject.java:1548)
at org.json.JSONObject.populateMap(JSONObject.java:1515)
at org.json.JSONObject.<init>(JSONObject.java:357)
at org.json.JSONObject.wrap(JSONObject.java:2489)
at org.json.JSONObject.wrap(JSONObject.java:2448)
at org.json.JSONArray.addAll(JSONArray.java:1647)
at org.json.JSONArray.<init>(JSONArray.java:208)
at org.json.JSONObject.wrap(JSONObject.java:2472)
at org.json.JSONObject.populateMap(JSONObject.java:1548)
at org.json.JSONObject.populateMap(JSONObject.java:1515)
at org.json.JSONObject.<init>(JSONObject.java:357)
at org.json.JSONObject.wrap(JSONObject.java:2489)
at org.json.JSONObject.wrap(JSONObject.java:2448)
at org.json.JSONArray.addAll(JSONArray.java:1647)
at org.json.JSONArray.<init>(JSONArray.java:208)
at org.json.JSONObject.wrap(JSONObject.java:2472)
at org.json.JSONObject.populateMap(JSONObject.java:1548)
at org.json.JSONObject.populateMap(JSONObject.java:1515)
at org.json.JSONObject.<init>(JSONObject.java:357)
at org.json.JSONObject.wrap(JSONObject.java:2489)
at org.json.JSONObject.wrap(JSONObject.java:2448)
at org.json.JSONArray.addAll(JSONArray.java:1647)
at org.json.JSONArray.<init>(JSONArray.java:208)
at org.json.JSONObject.wrap(JSONObject.java:2472)
at org.json.JSONObject.populateMap(JSONObject.java:1548)
at org.json.JSONObject.populateMap(JSONObject.java:1515)
at org.json.JSONObject.<init>(JSONObject.java:357)
at org.json.JSONObject.wrap(JSONObject.java:2489)
at org.json.JSONObject.wrap(JSONObject.java:2448)
at org.json.JSONArray.addAll(JSONArray.java:1647)
at org.json.JSONArray.<init>(JSONArray.java:208)
at org.json.JSONObject.wrap(JSONObject.java:2472)
at org.json.JSONObject.populateMap(JSONObject.java:1548)
at org.json.JSONObject.populateMap(JSONObject.java:1515)
at org.json.JSONObject.<init>(JSONObject.java:357)
at org.json.JSONObject.wrap(JSONObject.java:2489)
at org.json.JSONObject.wrap(JSONObject.java:2448)
at org.json.JSONArray.addAll(JSONArray.java:1647)
at org.json.JSONArray.<init>(JSONArray.java:208)
at org.json.JSONObject.wrap(JSONObject.java:2472)
at org.json.JSONObject.populateMap(JSONObject.java:1548)
at org.json.JSONObject.populateMap(JSONObject.java:1515)
at org.json.JSONObject.<init>(JSONObject.java:357)
at org.json.JSONObject.wrap(JSONObject.java:2489)
at org.json.JSONObject.wrap(JSONObject.java:2448)
at org.json.JSONArray.addAll(JSONArray.java:1647)
at org.json.JSONArray.<init>(JSONArray.java:208)
at org.json.JSONObject.wrap(JSONObject.java:2472)
at org.json.JSONObject.populateMap(JSONObject.java:1548)
at org.json.JSONObject.populateMap(JSONObject.java:1515)
at org.json.JSONObject.<init>(JSONObject.java:357)
at org.json.JSONObject.wrap(JSONObject.java:2489)
at org.json.JSONObject.wrap(JSONObject.java:2448)
at org.json.JSONArray.addAll(JSONArray.java:1647)
at org.json.JSONArray.<init>(JSONArray.java:208)
at org.json.JSONObject.wrap(JSONObject.java:2472)
at org.json.JSONObject.populateMap(JSONObject.java:1548)
at org.json.JSONObject.populateMap(JSONObject.java:1515)
at org.json.JSONObject.<init>(JSONObject.java:357)
at org.json.JSONObject.wrap(JSONObject.java:2489)
at org.json.JSONObject.wrap(JSONObject.java:2448)
at org.json.JSONArray.addAll(JSONArray.java:1647)
at org.json.JSONArray.<init>(JSONArray.java:208)
at org.json.JSONObject.wrap(JSONObject.java:2472)
at org.json.JSONObject.populateMap(JSONObject.java:1548)
at org.json.JSONObject.populateMap(JSONObject.java:1515)
at org.json.JSONObject.<init>(JSONObject.java:357)
at org.json.JSONObject.wrap(JSONObject.java:2489)
at org.json.JSONObject.wrap(JSONObject.java:2448)
at org.json.JSONArray.addAll(JSONArray.java:1647)
at org.json.JSONArray.<init>(JSONArray.java:208)
at org.json.JSONObject.wrap(JSONObject.java:2472)
at org.json.JSONObject.populateMap(JSONObject.java:1548)
at org.json.JSONObject.populateMap(JSONObject.java:1515)
at org.json.JSONObject.<init>(JSONObject.java:357)
at org.json.JSONObject.wrap(JSONObject.java:2489)
at org.json.JSONObject.wrap(JSONObject.java:2448)
at org.json.JSONArray.addAll(JSONArray.java:1647)
at org.json.JSONArray.<init>(JSONArray.java:208)
at org.json.JSONObject.wrap(JSONObject.java:2472)
at org.json.JSONObject.populateMap(JSONObject.java:1548)
at org.json.JSONObject.populateMap(JSONObject.java:1515)
at org.json.JSONObject.<init>(JSONObject.java:357)
at org.json.JSONObject.wrap(JSONObject.java:2489)
at org.json.JSONObject.wrap(JSONObject.java:2448)
at org.json.JSONArray.addAll(JSONArray.java:1647)
at org.json.JSONArray.<init>(JSONArray.java:208)
at org.json.JSONObject.wrap(JSONObject.java:2472)
at org.json.JSONObject.populateMap(JSONObject.java:1548)
at org.json.JSONObject.populateMap(JSONObject.java:1515)
at org.json.JSONObject.<init>(JSONObject.java:357)
at org.json.JSONObject.wrap(JSONObject.java:2489)
at org.json.JSONObject.wrap(JSONObject.java:2448)
at org.json.JSONArray.addAll(JSONArray.java:1647)
at org.json.JSONArray.<init>(JSONArray.java:208)
at org.json.JSONObject.wrap(JSONObject.java:2472)
at org.json.JSONObject.populateMap(JSONObject.java:1548)
at org.json.JSONObject.populateMap(JSONObject.java:1515)
at org.json.JSONObject.<init>(JSONObject.java:357)
at org.json.JSONObject.wrap(JSONObject.java:2489)
at org.json.JSONObject.wrap(JSONObject.java:2448)
at org.json.JSONArray.addAll(JSONArray.java:1647)
at org.json.JSONArray.<init>(JSONArray.java:208)
at org.json.JSONObject.wrap(JSONObject.java:2472)
at org.json.JSONObject.populateMap(JSONObject.java:1548)
at org.json.JSONObject.populateMap(JSONObject.java:1515)
at org.json.JSONObject.<init>(JSONObject.java:357)
at org.json.JSONObject.wrap(JSONObject.java:2489)
at org.json.JSONObject.wrap(JSONObject.java:2448)
at org.json.JSONArray.addAll(JSONArray.java:1647)
at org.json.JSONArray.<init>(JSONArray.java:208)
at org.json.JSONObject.wrap(JSONObject.java:2472)
at org.json.JSONObject.populateMap(JSONObject.java:1548)
at org.json.JSONObject.populateMap(JSONObject.java:1515)
at org.json.JSONObject.<init>(JSONObject.java:357)
at org.json.JSONObject.wrap(JSONObject.java:2489)
at org.json.JSONObject.wrap(JSONObject.java:2448)
at org.json.JSONArray.addAll(JSONArray.java:1647)
at org.json.JSONArray.<init>(JSONArray.java:208)
at org.json.JSONObject.wrap(JSONObject.java:2472)
at org.json.JSONObject.populateMap(JSONObject.java:1548)
at org.json.JSONObject.populateMap(JSONObject.java:1515)
at org.json.JSONObject.<init>(JSONObject.java:357)
at org.json.JSONObject.wrap(JSONObject.java:2489)
at org.json.JSONObject.wrap(JSONObject.java:2448)
at org.json.JSONArray.addAll(JSONArray.java:1647)
at org.json.JSONArray.<init>(JSONArray.java:208)
at org.json.JSONObject.wrap(JSONObject.java:2472)
at org.json.JSONObject.populateMap(JSONObject.java:1548)
at org.json.JSONObject.populateMap(JSONObject.java:1515)
at org.json.JSONObject.<init>(JSONObject.java:357)
at org.json.JSONObject.wrap(JSONObject.java:2489)
at org.json.JSONObject.wrap(JSONObject.java:2448)
at org.json.JSONArray.addAll(JSONArray.java:1647)
at org.json.JSONArray.<init>(JSONArray.java:208)
at org.json.JSONObject.wrap(JSONObject.java:2472)
at org.json.JSONObject.populateMap(JSONObject.java:1548)
at org.json.JSONObject.populateMap(JSONObject.java:1515)
at org.json.JSONObject.<init>(JSONObject.java:357)
at org.json.JSONObject.wrap(JSONObject.java:2489)
at org.json.JSONObject.wrap(JSONObject.java:2448)
at org.json.JSONArray.addAll(JSONArray.java:1647)
at org.json.JSONArray.<init>(JSONArray.java:208)
at org.json.JSONObject.wrap(JSONObject.java:2472)
at org.json.JSONObject.populateMap(JSONObject.java:1548)
at org.json.JSONObject.populateMap(JSONObject.java:1515)
at org.json.JSONObject.<init>(JSONObject.java:357)
at org.json.JSONObject.wrap(JSONObject.java:2489)
at org.json.JSONObject.wrap(JSONObject.java:2448)
at org.json.JSONArray.addAll(JSONArray.java:1647)
at org.json.JSONArray.<init>(JSONArray.java:208)
at org.json.JSONObject.wrap(JSONObject.java:2472)
at org.json.JSONObject.populateMap(JSONObject.java:1548)
at org.json.JSONObject.populateMap(JSONObject.java:1515)
at org.json.JSONObject.<init>(JSONObject.java:357)
at org.json.JSONObject.wrap(JSONObject.java:2489)
at org.json.JSONObject.wrap(JSONObject.java:2448)
at org.json.JSONArray.addAll(JSONArray.java:1647)
at org.json.JSONArray.<init>(JSONArray.java:208)
at org.json.JSONObject.wrap(JSONObject.java:2472)
at org.json.JSONObject.populateMap(JSONObject.java:1548)
at org.json.JSONObject.populateMap(JSONObject.java:1515)
at org.json.JSONObject.<init>(JSONObject.java:357)
at org.json.JSONObject.wrap(JSONObject.java:2489)
at org.json.JSONObject.wrap(JSONObject.java:2448)
at org.json.JSONArray.addAll(JSONArray.java:1647)
at org.json.JSONArray.<init>(JSONArray.java:208)
at org.json.JSONObject.wrap(JSONObject.java:2472)
at org.json.JSONObject.populateMap(JSONObject.java:1548)
at org.json.JSONObject.populateMap(JSONObject.java:1515)
at org.json.JSONObject.<init>(JSONObject.java:357)
at org.json.JSONObject.wrap(JSONObject.java:2489)
at org.json.JSONObject.wrap(JSONObject.java:2448)
at org.json.JSONArray.addAll(JSONArray.java:1647)
at org.json.JSONArray.<init>(JSONArray.java:208)
at org.json.JSONObject.wrap(JSONObject.java:2472)
at org.json.JSONObject.populateMap(JSONObject.java:1548)
at org.json.JSONObject.populateMap(JSONObject.java:1515)
at org.json.JSONObject.<init>(JSONObject.java:357)
at org.json.JSONObject.wrap(JSONObject.java:2489)
at org.json.JSONObject.wrap(JSONObject.java:2448)
at org.json.JSONArray.addAll(JSONArray.java:1647)
at org.json.JSONArray.<init>(JSONArray.java:208)
at org.json.JSONObject.wrap(JSONObject.java:2472)
at org.json.JSONObject.populateMap(JSONObject.java:1548)
at org.json.JSONObject.populateMap(JSONObject.java:1515)
at org.json.JSONObject.<init>(JSONObject.java:357)
at org.json.JSONObject.wrap(JSONObject.java:2489)
at org.json.JSONObject.wrap(JSONObject.java:2448)
at org.json.JSONArray.addAll(JSONArray.java:1647)
at org.json.JSONArray.<init>(JSONArray.java:208)
at org.json.JSONObject.wrap(JSONObject.java:2472)
at org.json.JSONObject.populateMap(JSONObject.java:1548)
at org.json.JSONObject.populateMap(JSONObject.java:1515)
at org.json.JSONObject.<init>(JSONObject.java:357)
at org.json.JSONObject.wrap(JSONObject.java:2489)
at org.json.JSONObject.wrap(JSONObject.java:2448)
at org.json.JSONArray.addAll(JSONArray.java:1647)
at org.json.JSONArray.<init>(JSONArray.java:208)
at org.json.JSONObject.wrap(JSONObject.java:2472)
at org.json.JSONObject.populateMap(JSONObject.java:1548)
at org.json.JSONObject.populateMap(JSONObject.java:1515)
at org.json.JSONObject.<init>(JSONObject.java:357)
at org.json.JSONObject.wrap(JSONObject.java:2489)
at org.json.JSONObject.wrap(JSONObject.java:2448)
at org.json.JSONArray.addAll(JSONArray.java:1647)
at org.json.JSONArray.<init>(JSONArray.java:208)
at org.json.JSONObject.wrap(JSONObject.java:2472)
at org.json.JSONObject.populateMap(JSONObject.java:1548)
at org.json.JSONObject.populateMap(JSONObject.java:1515)
at org.json.JSONObject.<init>(JSONObject.java:357)
at org.json.JSONObject.wrap(JSONObject.java:2489)
at org.json.JSONObject.wrap(JSONObject.java:2448)
at org.json.JSONArray.addAll(JSONArray.java:1647)
at org.json.JSONArray.<init>(JSONArray.java:208)
at org.json.JSONObject.wrap(JSONObject.java:2472)
at org.json.JSONObject.populateMap(JSONObject.java:1548)
at org.json.JSONObject.populateMap(JSONObject.java:1515)
at org.json.JSONObject.<init>(JSONObject.java:357)
at org.json.JSONObject.wrap(JSONObject.java:2489)
at org.json.JSONObject.wrap(JSONObject.java:2448)
at org.json.JSONArray.addAll(JSONArray.java:1647)
at org.json.JSONArray.<init>(JSONArray.java:208)
at org.json.JSONObject.wrap(JSONObject.java:2472)
at org.json.JSONObject.populateMap(JSONObject.java:1548)
at org.json.JSONObject.populateMap(JSONObject.java:1515)
at org.json.JSONObject.<init>(JSONObject.java:357)
at org.json.JSONObject.wrap(JSONObject.java:2489)
at org.json.JSONObject.wrap(JSONObject.java:2448)
at org.json.JSONArray.addAll(JSONArray.java:1647)
at org.json.JSONArray.<init>(JSONArray.java:208)
at org.json.JSONObject.wrap(JSONObject.java:2472)
at org.json.JSONObject.populateMap(JSONObject.java:1548)
at org.json.JSONObject.populateMap(JSONObject.java:1515)
at org.json.JSONObject.<init>(JSONObject.java:357)
at org.json.JSONObject.wrap(JSONObject.java:2489)
at org.json.JSONObject.wrap(JSONObject.java:2448)
at org.json.JSONArray.addAll(JSONArray.java:1647)
at org.json.JSONArray.<init>(JSONArray.java:208)
at org.json.JSONObject.wrap(JSONObject.java:2472)
at org.json.JSONObject.populateMap(JSONObject.java:1548)
at org.json.JSONObject.populateMap(JSONObject.java:1515)
at org.json.JSONObject.<init>(JSONObject.java:357)
at org.json.JSONObject.wrap(JSONObject.java:2489)
at org.json.JSONObject.wrap(JSONObject.java:2448)
at org.json.JSONArray.addAll(JSONArray.java:1647)
at org.json.JSONArray.<init>(JSONArray.java:208)
at org.json.JSONObject.wrap(JSONObject.java:2472)
at org.json.JSONObject.populateMap(JSONObject.java:1548)
at org.json.JSONObject.populateMap(JSONObject.java:1515)
at org.json.JSONObject.<init>(JSONObject.java:357)
at org.json.JSONObject.wrap(JSONObject.java:2489)
at org.json.JSONObject.wrap(JSONObject.java:2448)
at org.json.JSONArray.addAll(JSONArray.java:1647)
at org.json.JSONArray.<init>(JSONArray.java:208)
at org.json.JSONObject.wrap(JSONObject.java:2472)
at org.json.JSONObject.populateMap(JSONObject.java:1548)
at org.json.JSONObject.populateMap(JSONObject.java:1515)
at org.json.JSONObject.<init>(JSONObject.java:357)
at org.json.JSONObject.wrap(JSONObject.java:2489)
at org.json.JSONObject.wrap(JSONObject.java:2448)
at org.json.JSONArray.addAll(JSONArray.java:1647)
at org.json.JSONArray.<init>(JSONArray.java:208)
at org.json.JSONObject.wrap(JSONObject.java:2472)
at org.json.JSONObject.populateMap(JSONObject.java:1548)
at org.json.JSONObject.populateMap(JSONObject.java:1515)
at org.json.JSONObject.<init>(JSONObject.java:357)
at org.json.JSONObject.wrap(JSONObject.java:2489)
at org.json.JSONObject.wrap(JSONObject.java:2448)
at org.json.JSONArray.addAll(JSONArray.java:1647)
at org.json.JSONArray.<init>(JSONArray.java:208)
at org.json.JSONObject.wrap(JSONObject.java:2472)
at org.json.JSONObject.populateMap(JSONObject.java:1548)
at org.json.JSONObject.populateMap(JSONObject.java:1515)
at org.json.JSONObject.<init>(JSONObject.java:357)
at org.json.JSONObject.wrap(JSONObject.java:2489)
at org.json.JSONObject.wrap(JSONObject.java:2448)
at org.json.JSONArray.addAll(JSONArray.java:1647)
at org.json.JSONArray.<init>(JSONArray.java:208)
at org.json.JSONObject.wrap(JSONObject.java:2472)
at org.json.JSONObject.populateMap(JSONObject.java:1548)
at org.json.JSONObject.populateMap(JSONObject.java:1515)
at org.json.JSONObject.<init>(JSONObject.java:357)
at org.json.JSONObject.wrap(JSONObject.java:2489)
at org.json.JSONObject.wrap(JSONObject.java:2448)
at org.json.JSONArray.addAll(JSONArray.java:1647)
at org.json.JSONArray.<init>(JSONArray.java:208)
at org.json.JSONObject.wrap(JSONObject.java:2472)
at org.json.JSONObject.populateMap(JSONObject.java:1548)
at org.json.JSONObject.populateMap(JSONObject.java:1515)
at org.json.JSONObject.<init>(JSONObject.java:357)
at org.json.JSONObject.wrap(JSONObject.java:2489)
at org.json.JSONObject.wrap(JSONObject.java:2448)
at org.json.JSONArray.addAll(JSONArray.java:1647)
at org.json.JSONArray.<init>(JSONArray.java:208)
at org.json.JSONObject.wrap(JSONObject.java:2472)
at org.json.JSONObject.populateMap(JSONObject.java:1548)
at org.json.JSONObject.populateMap(JSONObject.java:1515)
at org.json.JSONObject.<init>(JSONObject.java:357)
at org.json.JSONObject.wrap(JSONObject.java:2489)
at org.json.JSONObject.wrap(JSONObject.java:2448)
at org.json.JSONArray.addAll(JSONArray.java:1647)
at org.json.JSONArray.<init>(JSONArray.java:208)
at org.json.JSONObject.wrap(JSONObject.java:2472)
at org.json.JSONObject.populateMap(JSONObject.java:1548)
at org.json.JSONObject.populateMap(JSONObject.java:1515)
at org.json.JSONObject.<init>(JSONObject.java:357)
at org.json.JSONObject.wrap(JSONObject.java:2489)
at org.json.JSONObject.wrap(JSONObject.java:2448)
at org.json.JSONArray.addAll(JSONArray.java:1647)
at org.json.JSONArray.<init>(JSONArray.java:208)
at org.json.JSONObject.wrap(JSONObject.java:2472)
at org.json.JSONObject.populateMap(JSONObject.java:1548)
at org.json.JSONObject.populateMap(JSONObject.java:1515)
at org.json.JSONObject.<init>(JSONObject.java:357)
at org.json.JSONObject.wrap(JSONObject.java:2489)
at org.json.JSONObject.wrap(JSONObject.java:2448)
at org.json.JSONArray.addAll(JSONArray.java:1647)
at org.json.JSONArray.<init>(JSONArray.java:208)
at org.json.JSONObject.wrap(JSONObject.java:2472)
at org.json.JSONObject.populateMap(JSONObject.java:1548)
at org.json.JSONObject.populateMap(JSONObject.java:1515)
at org.json.JSONObject.<init>(JSONObject.java:357)
at org.json.JSONObject.wrap(JSONObject.java:2489)
at org.json.JSONObject.wrap(JSONObject.java:2448)
at org.json.JSONArray.addAll(JSONArray.java:1647)
at org.json.JSONArray.<init>(JSONArray.java:208)
at org.json.JSONObject.wrap(JSONObject.java:2472)
at org.json.JSONObject.populateMap(JSONObject.java:1548)
at org.json.JSONObject.populateMap(JSONObject.java:1515)
at org.json.JSONObject.<init>(JSONObject.java:357)
at org.json.JSONObject.wrap(JSONObject.java:2489)
at org.json.JSONObject.wrap(JSONObject.java:2448)
at org.json.JSONArray.addAll(JSONArray.java:1647)
at org.json.JSONArray.<init>(JSONArray.java:208)
at org.json.JSONObject.wrap(JSONObject.java:2472)
at org.json.JSONObject.populateMap(JSONObject.java:1548)
at org.json.JSONObject.populateMap(JSONObject.java:1515)
at org.json.JSONObject.<init>(JSONObject.java:357)
at org.json.JSONObject.wrap(JSONObject.java:2489)
at org.json.JSONObject.wrap(JSONObject.java:2448)
at org.json.JSONArray.addAll(JSONArray.java:1647)
at org.json.JSONArray.<init>(JSONArray.java:208)
at org.json.JSONObject.wrap(JSONObject.java:2472)
at org.json.JSONObject.populateMap(JSONObject.java:1548)
at org.json.JSONObject.populateMap(JSONObject.java:1515)
at org.json.JSONObject.<init>(JSONObject.java:357)
at org.json.JSONObject.wrap(JSONObject.java:2489)
at org.json.JSONObject.wrap(JSONObject.java:2448)
at org.json.JSONArray.addAll(JSONArray.java:1647)
]]>
    </error>
  </testcase> <!-- printTotalValue -->
  <system-out/>
</testsuite> <!-- day4ParsingResponseData.ParsingJSONResponseData -->
