<?xml version="1.0" encoding="UTF-8"?>
<!-- Generated by org.testng.reporters.JUnitReportReporter -->
<testsuite hostname="DESKTOP-0IS7DQ4" failures="0" tests="1" name="day3.CookiesDemo" time="5.893" errors="0" timestamp="2023-10-31T11:56:40 IST" skipped="0">
  <testcase classname="day3.CookiesDemo" name="getAllCookiesInfo" time="5.893"/>
  <system-out/>
</testsuite> <!-- day3.CookiesDemo -->
