<?xml version="1.0" encoding="UTF-8"?>
<!-- Generated by org.testng.reporters.JUnitReportReporter -->
<testsuite hostname="DESKTOP-0IS7DQ4" failures="0" tests="1" name="day4ParsingResponseData.ParsingJSONResponseData" time="3.036" errors="0" timestamp="2023-11-03T00:46:12 IST" skipped="0">
  <testcase classname="day4ParsingResponseData.ParsingJSONResponseData" name="validatePerticularKeyfromAllResponseBody" time="3.036"/>
  <system-out/>
</testsuite> <!-- day4ParsingResponseData.ParsingJSONResponseData -->
