<?xml version="1.0" encoding="UTF-8"?>
<!-- Generated by org.testng.reporters.JUnitReportReporter -->
<testsuite hostname="DESKTOP-0IS7DQ4" failures="0" tests="2" name="day4ParsingResponseData.ParsingJSONResponseData" time="3.901" errors="0" timestamp="2023-11-03T01:34:16 IST" skipped="0">
  <testcase classname="day4ParsingResponseData.ParsingJSONResponseData" name="validatePerticularKeyfromAllResponseBody" time="0.328"/>
  <system-out/>
  <testcase classname="day4ParsingResponseData.ParsingJSONResponseData" name="printTotalValue" time="3.573"/>
  <system-out/>
</testsuite> <!-- day4ParsingResponseData.ParsingJSONResponseData -->
