<?xml version="1.0" encoding="UTF-8"?>
<!-- Generated by org.testng.reporters.JUnitReportReporter -->
<testsuite hostname="DESKTOP-0IS7DQ4" failures="0" tests="1" name="day4ParsingResponseData.ParsingJSONResponseData" time="2.974" errors="0" timestamp="2023-11-03T01:10:26 IST" skipped="0">
  <testcase classname="day4ParsingResponseData.ParsingJSONResponseData" name="validatePerticularKeyfromAllResponseBody" time="2.974"/>
  <system-out/>
</testsuite> <!-- day4ParsingResponseData.ParsingJSONResponseData -->
